<?xml version="1.0" encoding="UTF-8"?>
<!-- Generated by org.testng.reporters.JUnitReportReporter -->
<testsuite hostname="LAPTOP-NEB2UBL9" failures="0" tests="1" name="testcases.TestWebTable" time="0.765" errors="0" timestamp="2024-07-15T17:59:12 IST" skipped="0">
  <testcase classname="testcases.TestWebTable" name="test_dynamic_table" time="0.765"/>
</testsuite> <!-- testcases.TestWebTable -->
