<?xml version="1.0" encoding="UTF-8"?>
<!-- Generated by org.testng.reporters.JUnitReportReporter -->
<testsuite hostname="LAPTOP-NEB2UBL9" failures="0" tests="1" name="apiTestsValidation.postCallTest" time="2.129" errors="0" timestamp="2024-07-12T21:58:03 IST" skipped="0">
  <testcase classname="apiTestsValidation.postCallTest" name="verify_post_call" time="2.129"/>
</testsuite> <!-- apiTestsValidation.postCallTest -->
