<?xml version="1.0" encoding="UTF-8"?>
<!-- Generated by org.testng.reporters.JUnitReportReporter -->
<testsuite hostname="LAPTOP-NEB2UBL9" failures="0" tests="6" name="apiTestsValidation.callTest" time="5.794" errors="0" timestamp="2024-07-12T19:02:38 IST" skipped="0">
  <testcase classname="apiTestsValidation.callTest" name="verify_body" time="0.769"/>
  <testcase classname="apiTestsValidation.callTest" name="verify_Get1" time="2.097"/>
  <testcase classname="apiTestsValidation.callTest" name="verify_all_Headers" time="0.707"/>
  <testcase classname="apiTestsValidation.callTest" name="verify_jsonbody" time="0.830"/>
  <testcase classname="apiTestsValidation.callTest" name="verify_Get2" time="0.382"/>
  <testcase classname="apiTestsValidation.callTest" name="verify_Header" time="1.009"/>
</testsuite> <!-- apiTestsValidation.callTest -->
