<?xml version="1.0" encoding="UTF-8"?>
<!-- Generated by org.testng.reporters.JUnitReportReporter -->
<testsuite hostname="LAPTOP-NEB2UBL9" failures="0" tests="7" name="testcases.PracticeTest" time="0.879" errors="0" timestamp="2024-07-15T04:01:10 IST" skipped="4">
  <testcase classname="testcases.PracticeTest" name="verifyTitle" time="0.161"/>
  <testcase classname="testcases.PracticeTest" name="verify_popUp" time="0.356"/>
  <testcase classname="testcases.PracticeTest" name="verify_checkBox" time="0.362"/>
  <testcase classname="testcases.PracticeTest" name="verify_dropDown">
    <skipped/>
  </testcase> <!-- verify_dropDown -->
  <testcase classname="testcases.PracticeTest" name="verify_openWindow">
    <skipped/>
  </testcase> <!-- verify_openWindow -->
  <testcase classname="testcases.PracticeTest" name="verify_openTab">
    <skipped/>
  </testcase> <!-- verify_openTab -->
  <testcase classname="testcases.PracticeTest" name="verifyRadioBtn">
    <skipped/>
  </testcase> <!-- verifyRadioBtn -->
</testsuite> <!-- testcases.PracticeTest -->
