<?xml version="1.0" encoding="UTF-8"?>
<!-- Generated by org.testng.reporters.JUnitReportReporter -->
<testsuite hostname="LAPTOP-NEB2UBL9" failures="0" tests="1" name="apiTestsValidation.postCallTest" time="3.783" errors="0" timestamp="2024-07-12T22:26:19 IST" skipped="0">
  <testcase classname="apiTestsValidation.postCallTest" name="verify_post_call" time="3.783"/>
</testsuite> <!-- apiTestsValidation.postCallTest -->
